<?xml version="1.0" encoding="utf-8"?>
<coverage line-rate="0.4929" branch-rate="0.5112" version="1.9" timestamp="1763591235" lines-covered="669" lines-valid="1357" branches-covered="228" branches-valid="446">
  <sources>
    <source>/home/runner/work/SyncMedia/SyncMedia/SyncMedia.Core/</source>
  </sources>
  <packages>
    <package name="SyncMedia.Core" line-rate="0.4929" branch-rate="0.5112" complexity="576">
      <classes>
        <class name="SyncMedia.Core.XmlData" filename="XmlData.cs" line-rate="0" branch-rate="0" complexity="30">
          <methods>
            <method name="LoadSettingsDocument" signature="()" line-rate="0" branch-rate="0" complexity="2">
              <lines>
                <line number="37" hits="0" branch="False" />
                <line number="39" hits="0" branch="False" />
                <line number="40" hits="0" branch="True" condition-coverage="0% (0/2)">
                  <conditions>
                    <condition number="14" type="jump" coverage="0%" />
                  </conditions>
                </line>
                <line number="41" hits="0" branch="False" />
                <line number="42" hits="0" branch="False" />
                <line number="44" hits="0" branch="False" />
                <line number="45" hits="0" branch="False" />
                <line number="46" hits="0" branch="False" />
                <line number="48" hits="0" branch="False" />
                <line number="51" hits="0" branch="False" />
                <line number="52" hits="0" branch="False" />
              </lines>
            </method>
            <method name="SaveSettingsDocument" signature="(System.Xml.Linq.XDocument)" line-rate="0" branch-rate="1" complexity="1">
              <lines>
                <line number="56" hits="0" branch="False" />
                <line number="58" hits="0" branch="False" />
                <line number="59" hits="0" branch="False" />
                <line number="60" hits="0" branch="False" />
                <line number="61" hits="0" branch="False" />
                <line number="62" hits="0" branch="False" />
                <line number="64" hits="0" branch="False" />
                <line number="65" hits="0" branch="False" />
              </lines>
            </method>
            <method name="ReadSetting" signature="(System.String)" line-rate="0" branch-rate="0" complexity="10">
              <lines>
                <line number="68" hits="0" branch="False" />
                <line number="70" hits="0" branch="False" />
                <line number="71" hits="0" branch="False" />
                <line number="72" hits="0" branch="True" condition-coverage="0% (0/2)">
                  <conditions>
                    <condition number="28" type="jump" coverage="0%" />
                  </conditions>
                </line>
                <line number="73" hits="0" branch="True" condition-coverage="0% (0/2)">
                  <conditions>
                    <condition number="17" type="jump" coverage="0%" />
                  </conditions>
                </line>
                <line number="75" hits="0" branch="True" condition-coverage="0% (0/6)">
                  <conditions>
                    <condition number="68" type="jump" coverage="0%" />
                    <condition number="90" type="jump" coverage="0%" />
                    <condition number="102" type="jump" coverage="0%" />
                  </conditions>
                </line>
                <line number="77" hits="0" branch="False" />
                <line number="78" hits="0" branch="False" />
                <line number="79" hits="0" branch="False" />
                <line number="81" hits="0" branch="False" />
              </lines>
            </method>
            <method name="AddUpdateAppSettings" signature="(System.String,System.String)" line-rate="0" branch-rate="0" complexity="10">
              <lines>
                <line number="84" hits="0" branch="False" />
                <line number="86" hits="0" branch="False" />
                <line number="87" hits="0" branch="False" />
                <line number="88" hits="0" branch="False" />
                <line number="90" hits="0" branch="True" condition-coverage="0% (0/2)">
                  <conditions>
                    <condition number="36" type="jump" coverage="0%" />
                  </conditions>
                </line>
                <line number="91" hits="0" branch="False" />
                <line number="92" hits="0" branch="False" />
                <line number="93" hits="0" branch="False" />
                <line number="94" hits="0" branch="False" />
                <line number="96" hits="0" branch="False" />
                <line number="97" hits="0" branch="True" condition-coverage="0% (0/2)">
                  <conditions>
                    <condition number="17" type="jump" coverage="0%" />
                  </conditions>
                </line>
                <line number="99" hits="0" branch="True" condition-coverage="0% (0/2)">
                  <conditions>
                    <condition number="106" type="jump" coverage="0%" />
                  </conditions>
                </line>
                <line number="100" hits="0" branch="False" />
                <line number="102" hits="0" branch="True" condition-coverage="0% (0/2)">
                  <conditions>
                    <condition number="164" type="jump" coverage="0%" />
                  </conditions>
                </line>
                <line number="103" hits="0" branch="False" />
                <line number="104" hits="0" branch="False" />
                <line number="105" hits="0" branch="False" />
                <line number="107" hits="0" branch="False" />
                <line number="109" hits="0" branch="True" condition-coverage="0% (0/2)">
                  <conditions>
                    <condition number="206" type="jump" coverage="0%" />
                  </conditions>
                </line>
                <line number="110" hits="0" branch="False" />
                <line number="112" hits="0" branch="False" />
                <line number="113" hits="0" branch="False" />
                <line number="115" hits="0" branch="False" />
                <line number="116" hits="0" branch="False" />
                <line number="117" hits="0" branch="False" />
                <line number="119" hits="0" branch="False" />
              </lines>
            </method>
            <method name="CreateXmlDoc" signature="(System.String,System.Collections.Generic.List`1&lt;System.String&gt;)" line-rate="0" branch-rate="0" complexity="4">
              <lines>
                <line number="122" hits="0" branch="False" />
                <line number="123" hits="0" branch="False" />
                <line number="124" hits="0" branch="True" condition-coverage="0% (0/2)">
                  <conditions>
                    <condition number="16" type="jump" coverage="0%" />
                  </conditions>
                </line>
                <line number="125" hits="0" branch="False" />
                <line number="127" hits="0" branch="False" />
                <line number="128" hits="0" branch="False" />
                <line number="129" hits="0" branch="False" />
                <line number="130" hits="0" branch="False" />
                <line number="132" hits="0" branch="False" />
                <line number="133" hits="0" branch="False" />
                <line number="134" hits="0" branch="False" />
                <line number="135" hits="0" branch="False" />
                <line number="137" hits="0" branch="False" />
                <line number="139" hits="0" branch="False" />
                <line number="140" hits="0" branch="True" condition-coverage="0% (0/2)">
                  <conditions>
                    <condition number="173" type="jump" coverage="0%" />
                  </conditions>
                </line>
                <line number="141" hits="0" branch="False" />
                <line number="142" hits="0" branch="False" />
                <line number="143" hits="0" branch="False" />
                <line number="144" hits="0" branch="False" />
                <line number="146" hits="0" branch="False" />
                <line number="147" hits="0" branch="False" />
                <line number="148" hits="0" branch="False" />
                <line number="149" hits="0" branch="False" />
                <line number="151" hits="0" branch="False" />
                <line number="152" hits="0" branch="False" />
                <line number="153" hits="0" branch="False" />
                <line number="154" hits="0" branch="False" />
                <line number="155" hits="0" branch="False" />
                <line number="157" hits="0" branch="False" />
                <line number="158" hits="0" branch="False" />
              </lines>
            </method>
            <method name="GetHashesList" signature="(System.String)" line-rate="0" branch-rate="1" complexity="1">
              <lines>
                <line number="161" hits="0" branch="False" />
                <line number="163" hits="0" branch="False" />
                <line number="164" hits="0" branch="False" />
                <line number="165" hits="0" branch="False" />
                <line number="166" hits="0" branch="False" />
              </lines>
            </method>
            <method name=".cctor" signature="()" line-rate="0" branch-rate="0" complexity="2">
              <lines>
                <line number="12" hits="0" branch="False" />
                <line number="13" hits="0" branch="False" />
                <line number="14" hits="0" branch="False" />
                <line number="15" hits="0" branch="False" />
                <line number="17" hits="0" branch="False" />
                <line number="21" hits="0" branch="False" />
                <line number="23" hits="0" branch="False" />
                <line number="24" hits="0" branch="True" condition-coverage="0% (0/2)">
                  <conditions>
                    <condition number="59" type="jump" coverage="0%" />
                  </conditions>
                </line>
                <line number="25" hits="0" branch="False" />
                <line number="26" hits="0" branch="False" />
                <line number="27" hits="0" branch="False" />
                <line number="28" hits="0" branch="False" />
                <line number="29" hits="0" branch="False" />
                <line number="30" hits="0" branch="False" />
                <line number="32" hits="0" branch="False" />
                <line number="33" hits="0" branch="False" />
              </lines>
            </method>
          </methods>
          <lines>
            <line number="37" hits="0" branch="False" />
            <line number="39" hits="0" branch="False" />
            <line number="40" hits="0" branch="True" condition-coverage="0% (0/2)">
              <conditions>
                <condition number="14" type="jump" coverage="0%" />
              </conditions>
            </line>
            <line number="41" hits="0" branch="False" />
            <line number="42" hits="0" branch="False" />
            <line number="44" hits="0" branch="False" />
            <line number="45" hits="0" branch="False" />
            <line number="46" hits="0" branch="False" />
            <line number="48" hits="0" branch="False" />
            <line number="51" hits="0" branch="False" />
            <line number="52" hits="0" branch="False" />
            <line number="56" hits="0" branch="False" />
            <line number="58" hits="0" branch="False" />
            <line number="59" hits="0" branch="False" />
            <line number="60" hits="0" branch="False" />
            <line number="61" hits="0" branch="False" />
            <line number="62" hits="0" branch="False" />
            <line number="64" hits="0" branch="False" />
            <line number="65" hits="0" branch="False" />
            <line number="68" hits="0" branch="False" />
            <line number="70" hits="0" branch="False" />
            <line number="71" hits="0" branch="False" />
            <line number="72" hits="0" branch="True" condition-coverage="0% (0/2)">
              <conditions>
                <condition number="28" type="jump" coverage="0%" />
              </conditions>
            </line>
            <line number="73" hits="0" branch="True" condition-coverage="0% (0/2)">
              <conditions>
                <condition number="17" type="jump" coverage="0%" />
              </conditions>
            </line>
            <line number="75" hits="0" branch="True" condition-coverage="0% (0/6)">
              <conditions>
                <condition number="68" type="jump" coverage="0%" />
                <condition number="90" type="jump" coverage="0%" />
                <condition number="102" type="jump" coverage="0%" />
              </conditions>
            </line>
            <line number="77" hits="0" branch="False" />
            <line number="78" hits="0" branch="False" />
            <line number="79" hits="0" branch="False" />
            <line number="81" hits="0" branch="False" />
            <line number="84" hits="0" branch="False" />
            <line number="86" hits="0" branch="False" />
            <line number="87" hits="0" branch="False" />
            <line number="88" hits="0" branch="False" />
            <line number="90" hits="0" branch="True" condition-coverage="0% (0/2)">
              <conditions>
                <condition number="36" type="jump" coverage="0%" />
              </conditions>
            </line>
            <line number="91" hits="0" branch="False" />
            <line number="92" hits="0" branch="False" />
            <line number="93" hits="0" branch="False" />
            <line number="94" hits="0" branch="False" />
            <line number="96" hits="0" branch="False" />
            <line number="97" hits="0" branch="True" condition-coverage="0% (0/2)">
              <conditions>
                <condition number="17" type="jump" coverage="0%" />
              </conditions>
            </line>
            <line number="99" hits="0" branch="True" condition-coverage="0% (0/2)">
              <conditions>
                <condition number="106" type="jump" coverage="0%" />
              </conditions>
            </line>
            <line number="100" hits="0" branch="False" />
            <line number="102" hits="0" branch="True" condition-coverage="0% (0/2)">
              <conditions>
                <condition number="164" type="jump" coverage="0%" />
              </conditions>
            </line>
            <line number="103" hits="0" branch="False" />
            <line number="104" hits="0" branch="False" />
            <line number="105" hits="0" branch="False" />
            <line number="107" hits="0" branch="False" />
            <line number="109" hits="0" branch="True" condition-coverage="0% (0/2)">
              <conditions>
                <condition number="206" type="jump" coverage="0%" />
              </conditions>
            </line>
            <line number="110" hits="0" branch="False" />
            <line number="112" hits="0" branch="False" />
            <line number="113" hits="0" branch="False" />
            <line number="115" hits="0" branch="False" />
            <line number="116" hits="0" branch="False" />
            <line number="117" hits="0" branch="False" />
            <line number="119" hits="0" branch="False" />
            <line number="122" hits="0" branch="False" />
            <line number="123" hits="0" branch="False" />
            <line number="124" hits="0" branch="True" condition-coverage="0% (0/2)">
              <conditions>
                <condition number="16" type="jump" coverage="0%" />
              </conditions>
            </line>
            <line number="125" hits="0" branch="False" />
            <line number="127" hits="0" branch="False" />
            <line number="128" hits="0" branch="False" />
            <line number="129" hits="0" branch="False" />
            <line number="130" hits="0" branch="False" />
            <line number="132" hits="0" branch="False" />
            <line number="133" hits="0" branch="False" />
            <line number="134" hits="0" branch="False" />
            <line number="135" hits="0" branch="False" />
            <line number="137" hits="0" branch="False" />
            <line number="139" hits="0" branch="False" />
            <line number="140" hits="0" branch="True" condition-coverage="0% (0/2)">
              <conditions>
                <condition number="173" type="jump" coverage="0%" />
              </conditions>
            </line>
            <line number="141" hits="0" branch="False" />
            <line number="142" hits="0" branch="False" />
            <line number="143" hits="0" branch="False" />
            <line number="144" hits="0" branch="False" />
            <line number="146" hits="0" branch="False" />
            <line number="147" hits="0" branch="False" />
            <line number="148" hits="0" branch="False" />
            <line number="149" hits="0" branch="False" />
            <line number="151" hits="0" branch="False" />
            <line number="152" hits="0" branch="False" />
            <line number="153" hits="0" branch="False" />
            <line number="154" hits="0" branch="False" />
            <line number="155" hits="0" branch="False" />
            <line number="157" hits="0" branch="False" />
            <line number="158" hits="0" branch="False" />
            <line number="161" hits="0" branch="False" />
            <line number="163" hits="0" branch="False" />
            <line number="164" hits="0" branch="False" />
            <line number="165" hits="0" branch="False" />
            <line number="166" hits="0" branch="False" />
            <line number="12" hits="0" branch="False" />
            <line number="13" hits="0" branch="False" />
            <line number="14" hits="0" branch="False" />
            <line number="15" hits="0" branch="False" />
            <line number="17" hits="0" branch="False" />
            <line number="21" hits="0" branch="False" />
            <line number="23" hits="0" branch="False" />
            <line number="24" hits="0" branch="True" condition-coverage="0% (0/2)">
              <conditions>
                <condition number="59" type="jump" coverage="0%" />
              </conditions>
            </line>
            <line number="25" hits="0" branch="False" />
            <line number="26" hits="0" branch="False" />
            <line number="27" hits="0" branch="False" />
            <line number="28" hits="0" branch="False" />
            <line number="29" hits="0" branch="False" />
            <line number="30" hits="0" branch="False" />
            <line number="32" hits="0" branch="False" />
            <line number="33" hits="0" branch="False" />
          </lines>
        </class>
        <class name="SyncMedia.Core.Services.ErrorHandler" filename="Services/ErrorHandler.cs" line-rate="0.9545" branch-rate="0.875" complexity="18">
          <methods>
            <method name="HandleException" signature="(System.Exception,System.String,System.Boolean)" line-rate="1" branch-rate="1" complexity="6">
              <lines>
                <line number="30" hits="7" branch="False" />
                <line number="31" hits="7" branch="True" condition-coverage="100% (2/2)">
                  <conditions>
                    <condition number="7" type="jump" coverage="100%" />
                  </conditions>
                </line>
                <line number="32" hits="1" branch="False" />
                <line number="33" hits="1" branch="False" />
                <line number="36" hits="6" branch="True" condition-coverage="100% (2/2)">
                  <conditions>
                    <condition number="27" type="jump" coverage="100%" />
                  </conditions>
                </line>
                <line number="37" hits="6" branch="False" />
                <line number="38" hits="6" branch="False" />
                <line number="40" hits="6" branch="False" />
                <line number="41" hits="6" branch="False" />
                <line number="43" hits="6" branch="True" condition-coverage="100% (2/2)">
                  <conditions>
                    <condition number="84" type="jump" coverage="100%" />
                  </conditions>
                </line>
                <line number="44" hits="1" branch="False" />
                <line number="45" hits="1" branch="False" />
                <line number="47" hits="5" branch="False" />
              </lines>
            </method>
            <method name="HandleException" signature="(System.Exception,System.String,System.String,System.Boolean)" line-rate="0.8461" branch-rate="0.6666" complexity="6">
              <lines>
                <line number="57" hits="2" branch="False" />
                <line number="58" hits="2" branch="True" condition-coverage="50% (1/2)">
                  <conditions>
                    <condition number="7" type="jump" coverage="50%" />
                  </conditions>
                </line>
                <line number="59" hits="0" branch="False" />
                <line number="60" hits="0" branch="False" />
                <line number="63" hits="2" branch="True" condition-coverage="50% (1/2)">
                  <conditions>
                    <condition number="27" type="jump" coverage="50%" />
                  </conditions>
                </line>
                <line number="64" hits="2" branch="False" />
                <line number="65" hits="2" branch="False" />
                <line number="67" hits="2" branch="False" />
                <line number="68" hits="2" branch="False" />
                <line number="70" hits="2" branch="True" condition-coverage="100% (2/2)">
                  <conditions>
                    <condition number="75" type="jump" coverage="100%" />
                  </conditions>
                </line>
                <line number="71" hits="1" branch="False" />
                <line number="72" hits="1" branch="False" />
                <line number="74" hits="1" branch="False" />
              </lines>
            </method>
            <method name="LogError" signature="(System.String,System.String)" line-rate="1" branch-rate="1" complexity="2">
              <lines>
                <line number="82" hits="4" branch="False" />
                <line number="83" hits="4" branch="True" condition-coverage="100% (2/2)">
                  <conditions>
                    <condition number="7" type="jump" coverage="100%" />
                  </conditions>
                </line>
                <line number="84" hits="4" branch="False" />
                <line number="85" hits="4" branch="False" />
                <line number="87" hits="4" branch="False" />
                <line number="88" hits="4" branch="False" />
                <line number="89" hits="4" branch="False" />
              </lines>
            </method>
            <method name="GetLastError" signature="()" line-rate="1" branch-rate="1" complexity="1">
              <lines>
                <line number="95" hits="8" branch="False" />
                <line number="96" hits="8" branch="False" />
                <line number="97" hits="8" branch="False" />
              </lines>
            </method>
            <method name="ClearLastError" signature="()" line-rate="1" branch-rate="1" complexity="1">
              <lines>
                <line number="103" hits="1" branch="False" />
                <line number="104" hits="1" branch="False" />
                <line number="105" hits="1" branch="False" />
              </lines>
            </method>
            <method name=".ctor" signature="(Microsoft.Extensions.Logging.ILogger`1&lt;SyncMedia.Core.Services.ErrorHandler&gt;)" line-rate="1" branch-rate="1" complexity="2">
              <lines>
                <line number="12" hits="15" branch="False" />
                <line number="18" hits="15" branch="False" />
                <line number="19" hits="15" branch="False" />
                <line number="20" hits="15" branch="True" condition-coverage="100% (2/2)">
                  <conditions>
                    <condition number="22" type="jump" coverage="100%" />
                  </conditions>
                </line>
                <line number="21" hits="14" branch="False" />
              </lines>
            </method>
          </methods>
          <lines>
            <line number="30" hits="7" branch="False" />
            <line number="31" hits="7" branch="True" condition-coverage="100% (2/2)">
              <conditions>
                <condition number="7" type="jump" coverage="100%" />
              </conditions>
            </line>
            <line number="32" hits="1" branch="False" />
            <line number="33" hits="1" branch="False" />
            <line number="36" hits="6" branch="True" condition-coverage="100% (2/2)">
              <conditions>
                <condition number="27" type="jump" coverage="100%" />
              </conditions>
            </line>
            <line number="37" hits="6" branch="False" />
            <line number="38" hits="6" branch="False" />
            <line number="40" hits="6" branch="False" />
            <line number="41" hits="6" branch="False" />
            <line number="43" hits="6" branch="True" condition-coverage="100% (2/2)">
              <conditions>
                <condition number="84" type="jump" coverage="100%" />
              </conditions>
            </line>
            <line number="44" hits="1" branch="False" />
            <line number="45" hits="1" branch="False" />
            <line number="47" hits="5" branch="False" />
            <line number="57" hits="2" branch="False" />
            <line number="58" hits="2" branch="True" condition-coverage="50% (1/2)">
              <conditions>
                <condition number="7" type="jump" coverage="50%" />
              </conditions>
            </line>
            <line number="59" hits="0" branch="False" />
            <line number="60" hits="0" branch="False" />
            <line number="63" hits="2" branch="True" condition-coverage="50% (1/2)">
              <conditions>
                <condition number="27" type="jump" coverage="50%" />
              </conditions>
            </line>
            <line number="64" hits="2" branch="False" />
            <line number="65" hits="2" branch="False" />
            <line number="67" hits="2" branch="False" />
            <line number="68" hits="2" branch="False" />
            <line number="70" hits="2" branch="True" condition-coverage="100% (2/2)">
              <conditions>
                <condition number="75" type="jump" coverage="100%" />
              </conditions>
            </line>
            <line number="71" hits="1" branch="False" />
            <line number="72" hits="1" branch="False" />
            <line number="74" hits="1" branch="False" />
            <line number="82" hits="4" branch="False" />
            <line number="83" hits="4" branch="True" condition-coverage="100% (2/2)">
              <conditions>
                <condition number="7" type="jump" coverage="100%" />
              </conditions>
            </line>
            <line number="84" hits="4" branch="False" />
            <line number="85" hits="4" branch="False" />
            <line number="87" hits="4" branch="False" />
            <line number="88" hits="4" branch="False" />
            <line number="89" hits="4" branch="False" />
            <line number="95" hits="8" branch="False" />
            <line number="96" hits="8" branch="False" />
            <line number="97" hits="8" branch="False" />
            <line number="103" hits="1" branch="False" />
            <line number="104" hits="1" branch="False" />
            <line number="105" hits="1" branch="False" />
            <line number="12" hits="15" branch="False" />
            <line number="18" hits="15" branch="False" />
            <line number="19" hits="15" branch="False" />
            <line number="20" hits="15" branch="True" condition-coverage="100% (2/2)">
              <conditions>
                <condition number="22" type="jump" coverage="100%" />
              </conditions>
            </line>
            <line number="21" hits="14" branch="False" />
          </lines>
        </class>
        <class name="SyncMedia.Core.Services.FeatureFlagService" filename="Services/FeatureFlagService.cs" line-rate="1" branch-rate="1" complexity="14">
          <methods>
            <method name="InitializeFeatureFlags" signature="()" line-rate="1" branch-rate="1" complexity="6">
              <lines>
                <line number="26" hits="16" branch="False" />
                <line number="27" hits="16" branch="False" />
                <line number="33" hits="16" branch="True" condition-coverage="100% (6/6)">
                  <conditions>
                    <condition number="24" type="jump" coverage="100%" />
                    <condition number="37" type="jump" coverage="100%" />
                    <condition number="55" type="jump" coverage="100%" />
                  </conditions>
                </line>
                <line number="34" hits="10" branch="False" />
                <line number="35" hits="10" branch="False" />
                <line number="36" hits="10" branch="False" />
                <line number="37" hits="10" branch="False" />
                <line number="38" hits="10" branch="False" />
                <line number="39" hits="10" branch="False" />
                <line number="40" hits="10" branch="False" />
                <line number="41" hits="10" branch="False" />
                <line number="42" hits="10" branch="False" />
                <line number="43" hits="10" branch="False" />
                <line number="44" hits="16" branch="False" />
              </lines>
            </method>
            <method name="IsFeatureEnabled" signature="(System.String)" line-rate="1" branch-rate="1" complexity="1">
              <lines>
                <line number="52" hits="33" branch="False" />
                <line number="53" hits="33" branch="False" />
                <line number="54" hits="33" branch="False" />
              </lines>
            </method>
            <method name="get_HasProAccess" signature="()" line-rate="1" branch-rate="1" complexity="4">
              <lines>
                <line number="59" hits="8" branch="True" condition-coverage="100% (4/4)">
                  <conditions>
                    <condition number="11" type="jump" coverage="100%" />
                    <condition number="24" type="jump" coverage="100%" />
                  </conditions>
                </line>
              </lines>
            </method>
            <method name="get_ShouldShowAds" signature="()" line-rate="1" branch-rate="1" complexity="1">
              <lines>
                <line number="64" hits="3" branch="False" />
              </lines>
            </method>
            <method name="RefreshFeatureFlags" signature="()" line-rate="1" branch-rate="1" complexity="1">
              <lines>
                <line number="70" hits="1" branch="False" />
                <line number="71" hits="1" branch="False" />
                <line number="72" hits="1" branch="False" />
              </lines>
            </method>
            <method name=".ctor" signature="(SyncMedia.Core.Models.LicenseInfo)" line-rate="1" branch-rate="1" complexity="1">
              <lines>
                <line number="15" hits="15" branch="False" />
                <line number="16" hits="15" branch="False" />
                <line number="17" hits="15" branch="False" />
                <line number="18" hits="15" branch="False" />
                <line number="19" hits="15" branch="False" />
                <line number="20" hits="15" branch="False" />
              </lines>
            </method>
          </methods>
          <lines>
            <line number="26" hits="16" branch="False" />
            <line number="27" hits="16" branch="False" />
            <line number="33" hits="16" branch="True" condition-coverage="100% (6/6)">
              <conditions>
                <condition number="24" type="jump" coverage="100%" />
                <condition number="37" type="jump" coverage="100%" />
                <condition number="55" type="jump" coverage="100%" />
              </conditions>
            </line>
            <line number="34" hits="10" branch="False" />
            <line number="35" hits="10" branch="False" />
            <line number="36" hits="10" branch="False" />
            <line number="37" hits="10" branch="False" />
            <line number="38" hits="10" branch="False" />
            <line number="39" hits="10" branch="False" />
            <line number="40" hits="10" branch="False" />
            <line number="41" hits="10" branch="False" />
            <line number="42" hits="10" branch="False" />
            <line number="43" hits="10" branch="False" />
            <line number="44" hits="16" branch="False" />
            <line number="52" hits="33" branch="False" />
            <line number="53" hits="33" branch="False" />
            <line number="54" hits="33" branch="False" />
            <line number="59" hits="8" branch="True" condition-coverage="100% (4/4)">
              <conditions>
                <condition number="11" type="jump" coverage="100%" />
                <condition number="24" type="jump" coverage="100%" />
              </conditions>
            </line>
            <line number="64" hits="3" branch="False" />
            <line number="70" hits="1" branch="False" />
            <line number="71" hits="1" branch="False" />
            <line number="72" hits="1" branch="False" />
            <line number="15" hits="15" branch="False" />
            <line number="16" hits="15" branch="False" />
            <line number="17" hits="15" branch="False" />
            <line number="18" hits="15" branch="False" />
            <line number="19" hits="15" branch="False" />
            <line number="20" hits="15" branch="False" />
          </lines>
        </class>
        <class name="SyncMedia.Core.Services.GamificationService" filename="Services/GamificationService.cs" line-rate="0.8754000000000001" branch-rate="0.8523999999999999" complexity="123">
          <methods>
            <method name="AwardPoints" signature="(SyncMedia.Core.Models.SyncStatistics)" line-rate="0.8665999999999999" branch-rate="0.75" complexity="8">
              <lines>
                <line number="24" hits="5" branch="False" />
                <line number="25" hits="5" branch="False" />
                <line number="28" hits="5" branch="False" />
                <line number="29" hits="5" branch="False" />
                <line number="30" hits="5" branch="False" />
                <line number="33" hits="5" branch="True" condition-coverage="100% (2/2)">
                  <conditions>
                    <condition number="102" type="jump" coverage="100%" />
                  </conditions>
                </line>
                <line number="34" hits="1" branch="False" />
                <line number="35" hits="4" branch="True" condition-coverage="50% (1/2)">
                  <conditions>
                    <condition number="145" type="jump" coverage="50%" />
                  </conditions>
                </line>
                <line number="36" hits="0" branch="False" />
                <line number="37" hits="4" branch="True" condition-coverage="50% (1/2)">
                  <conditions>
                    <condition number="188" type="jump" coverage="50%" />
                  </conditions>
                </line>
                <line number="38" hits="0" branch="False" />
                <line number="39" hits="4" branch="True" condition-coverage="100% (2/2)">
                  <conditions>
                    <condition number="228" type="jump" coverage="100%" />
                  </conditions>
                </line>
                <line number="40" hits="1" branch="False" />
                <line number="43" hits="5" branch="False" />
                <line number="44" hits="5" branch="False" />
              </lines>
            </method>
            <method name="CheckAchievements" signature="(SyncMedia.Core.Models.SyncStatistics)" line-rate="1" branch-rate="1" complexity="1">
              <lines>
                <line number="50" hits="14" branch="False" />
                <line number="51" hits="14" branch="False" />
                <line number="54" hits="14" branch="False" />
                <line number="57" hits="14" branch="False" />
                <line number="60" hits="14" branch="False" />
                <line number="63" hits="14" branch="False" />
                <line number="66" hits="14" branch="False" />
                <line number="69" hits="14" branch="False" />
                <line number="72" hits="14" branch="False" />
                <line number="75" hits="14" branch="False" />
                <line number="78" hits="14" branch="False" />
                <line number="80" hits="14" branch="False" />
                <line number="81" hits="14" branch="False" />
              </lines>
            </method>
            <method name="CheckFileMilestones" signature="()" line-rate="1" branch-rate="1" complexity="6">
              <lines>
                <line number="84" hits="14" branch="False" />
                <line number="85" hits="14" branch="False" />
                <line number="86" hits="14" branch="False" />
                <line number="87" hits="14" branch="False" />
                <line number="88" hits="14" branch="False" />
                <line number="89" hits="14" branch="False" />
                <line number="90" hits="14" branch="False" />
                <line number="91" hits="14" branch="False" />
                <line number="92" hits="14" branch="False" />
                <line number="93" hits="14" branch="False" />
                <line number="94" hits="14" branch="False" />
                <line number="95" hits="14" branch="False" />
                <line number="96" hits="14" branch="False" />
                <line number="97" hits="14" branch="False" />
                <line number="98" hits="14" branch="False" />
                <line number="99" hits="14" branch="False" />
                <line number="100" hits="14" branch="False" />
                <line number="101" hits="14" branch="False" />
                <line number="102" hits="14" branch="False" />
                <line number="103" hits="14" branch="False" />
                <line number="104" hits="14" branch="False" />
                <line number="105" hits="14" branch="False" />
                <line number="107" hits="518" branch="True" condition-coverage="100% (2/2)">
                  <conditions>
                    <condition number="687" type="jump" coverage="100%" />
                  </conditions>
                </line>
                <line number="108" hits="238" branch="False" />
                <line number="109" hits="238" branch="True" condition-coverage="100% (4/4)">
                  <conditions>
                    <condition number="614" type="jump" coverage="100%" />
                    <condition number="639" type="jump" coverage="100%" />
                  </conditions>
                </line>
                <line number="110" hits="47" branch="False" />
                <line number="111" hits="47" branch="False" />
                <line number="112" hits="47" branch="False" />
                <line number="113" hits="47" branch="False" />
                <line number="114" hits="238" branch="False" />
                <line number="116" hits="14" branch="False" />
                <line number="117" hits="14" branch="False" />
              </lines>
            </method>
            <method name="CheckDataMilestones" signature="()" line-rate="1" branch-rate="1" complexity="6">
              <lines>
                <line number="120" hits="14" branch="False" />
                <line number="121" hits="14" branch="False" />
                <line number="122" hits="14" branch="False" />
                <line number="123" hits="14" branch="False" />
                <line number="124" hits="14" branch="False" />
                <line number="125" hits="14" branch="False" />
                <line number="126" hits="14" branch="False" />
                <line number="127" hits="14" branch="False" />
                <line number="128" hits="14" branch="False" />
                <line number="129" hits="14" branch="False" />
                <line number="130" hits="14" branch="False" />
                <line number="131" hits="14" branch="False" />
                <line number="132" hits="14" branch="False" />
                <line number="133" hits="14" branch="False" />
                <line number="134" hits="14" branch="False" />
                <line number="135" hits="14" branch="False" />
                <line number="136" hits="14" branch="False" />
                <line number="137" hits="14" branch="False" />
                <line number="138" hits="14" branch="False" />
                <line number="140" hits="434" branch="True" condition-coverage="100% (2/2)">
                  <conditions>
                    <condition number="647" type="jump" coverage="100%" />
                  </conditions>
                </line>
                <line number="141" hits="196" branch="False" />
                <line number="142" hits="196" branch="True" condition-coverage="100% (4/4)">
                  <conditions>
                    <condition number="574" type="jump" coverage="100%" />
                    <condition number="599" type="jump" coverage="100%" />
                  </conditions>
                </line>
                <line number="143" hits="33" branch="False" />
                <line number="144" hits="33" branch="False" />
                <line number="145" hits="33" branch="False" />
                <line number="146" hits="33" branch="False" />
                <line number="147" hits="196" branch="False" />
                <line number="149" hits="14" branch="False" />
                <line number="150" hits="14" branch="False" />
              </lines>
            </method>
            <method name="CheckDuplicateMilestones" signature="()" line-rate="1" branch-rate="1" complexity="6">
              <lines>
                <line number="153" hits="14" branch="False" />
                <line number="154" hits="14" branch="False" />
                <line number="155" hits="14" branch="False" />
                <line number="156" hits="14" branch="False" />
                <line number="157" hits="14" branch="False" />
                <line number="158" hits="14" branch="False" />
                <line number="159" hits="14" branch="False" />
                <line number="160" hits="14" branch="False" />
                <line number="161" hits="14" branch="False" />
                <line number="162" hits="14" branch="False" />
                <line number="163" hits="14" branch="False" />
                <line number="164" hits="14" branch="False" />
                <line number="165" hits="14" branch="False" />
                <line number="166" hits="14" branch="False" />
                <line number="167" hits="14" branch="False" />
                <line number="169" hits="322" branch="True" condition-coverage="100% (2/2)">
                  <conditions>
                    <condition number="456" type="jump" coverage="100%" />
                  </conditions>
                </line>
                <line number="170" hits="140" branch="False" />
                <line number="171" hits="140" branch="True" condition-coverage="100% (4/4)">
                  <conditions>
                    <condition number="383" type="jump" coverage="100%" />
                    <condition number="408" type="jump" coverage="100%" />
                  </conditions>
                </line>
                <line number="172" hits="13" branch="False" />
                <line number="173" hits="13" branch="False" />
                <line number="174" hits="13" branch="False" />
                <line number="175" hits="13" branch="False" />
                <line number="176" hits="140" branch="False" />
                <line number="178" hits="14" branch="False" />
                <line number="179" hits="14" branch="False" />
              </lines>
            </method>
            <method name="CheckPointsMilestones" signature="()" line-rate="1" branch-rate="1" complexity="6">
              <lines>
                <line number="182" hits="14" branch="False" />
                <line number="183" hits="14" branch="False" />
                <line number="184" hits="14" branch="False" />
                <line number="185" hits="14" branch="False" />
                <line number="186" hits="14" branch="False" />
                <line number="187" hits="14" branch="False" />
                <line number="188" hits="14" branch="False" />
                <line number="189" hits="14" branch="False" />
                <line number="190" hits="14" branch="False" />
                <line number="191" hits="14" branch="False" />
                <line number="192" hits="14" branch="False" />
                <line number="193" hits="14" branch="False" />
                <line number="194" hits="14" branch="False" />
                <line number="195" hits="14" branch="False" />
                <line number="196" hits="14" branch="False" />
                <line number="197" hits="14" branch="False" />
                <line number="198" hits="14" branch="False" />
                <line number="200" hits="378" branch="True" condition-coverage="100% (2/2)">
                  <conditions>
                    <condition number="534" type="jump" coverage="100%" />
                  </conditions>
                </line>
                <line number="201" hits="168" branch="False" />
                <line number="202" hits="168" branch="True" condition-coverage="100% (4/4)">
                  <conditions>
                    <condition number="461" type="jump" coverage="100%" />
                    <condition number="486" type="jump" coverage="100%" />
                  </conditions>
                </line>
                <line number="203" hits="24" branch="False" />
                <line number="204" hits="24" branch="False" />
                <line number="205" hits="24" branch="False" />
                <line number="206" hits="24" branch="False" />
                <line number="207" hits="168" branch="False" />
                <line number="209" hits="14" branch="False" />
                <line number="210" hits="14" branch="False" />
              </lines>
            </method>
            <method name="CheckPerfectionAchievements" signature="(SyncMedia.Core.Models.SyncStatistics)" line-rate="0.7241" branch-rate="0.8" complexity="30">
              <lines>
                <line number="213" hits="14" branch="False" />
                <line number="214" hits="14" branch="False" />
                <line number="216" hits="14" branch="True" condition-coverage="100% (6/6)">
                  <conditions>
                    <condition number="15" type="jump" coverage="100%" />
                    <condition number="23" type="jump" coverage="100%" />
                    <condition number="49" type="jump" coverage="100%" />
                  </conditions>
                </line>
                <line number="217" hits="3" branch="False" />
                <line number="218" hits="3" branch="False" />
                <line number="219" hits="3" branch="False" />
                <line number="220" hits="3" branch="False" />
                <line number="221" hits="14" branch="True" condition-coverage="100% (6/6)">
                  <conditions>
                    <condition number="90" type="jump" coverage="100%" />
                    <condition number="98" type="jump" coverage="100%" />
                    <condition number="124" type="jump" coverage="100%" />
                  </conditions>
                </line>
                <line number="222" hits="2" branch="False" />
                <line number="223" hits="2" branch="False" />
                <line number="224" hits="2" branch="False" />
                <line number="225" hits="2" branch="False" />
                <line number="226" hits="14" branch="True" condition-coverage="100% (6/6)">
                  <conditions>
                    <condition number="165" type="jump" coverage="100%" />
                    <condition number="173" type="jump" coverage="100%" />
                    <condition number="199" type="jump" coverage="100%" />
                  </conditions>
                </line>
                <line number="227" hits="2" branch="False" />
                <line number="228" hits="2" branch="False" />
                <line number="229" hits="2" branch="False" />
                <line number="230" hits="2" branch="False" />
                <line number="231" hits="14" branch="True" condition-coverage="50% (3/6)">
                  <conditions>
                    <condition number="243" type="jump" coverage="50%" />
                    <condition number="251" type="jump" coverage="50%" />
                    <condition number="279" type="jump" coverage="50%" />
                  </conditions>
                </line>
                <line number="232" hits="0" branch="False" />
                <line number="233" hits="0" branch="False" />
                <line number="234" hits="0" branch="False" />
                <line number="235" hits="0" branch="False" />
                <line number="236" hits="14" branch="True" condition-coverage="50% (3/6)">
                  <conditions>
                    <condition number="323" type="jump" coverage="50%" />
                    <condition number="331" type="jump" coverage="50%" />
                    <condition number="359" type="jump" coverage="50%" />
                  </conditions>
                </line>
                <line number="237" hits="0" branch="False" />
                <line number="238" hits="0" branch="False" />
                <line number="239" hits="0" branch="False" />
                <line number="240" hits="0" branch="False" />
                <line number="242" hits="14" branch="False" />
                <line number="243" hits="14" branch="False" />
              </lines>
            </method>
            <method name="CheckSpeedAchievements" signature="(SyncMedia.Core.Models.SyncStatistics)" line-rate="0.5861999999999999" branch-rate="0.7" complexity="20">
              <lines>
                <line number="246" hits="14" branch="False" />
                <line number="247" hits="14" branch="False" />
                <line number="249" hits="14" branch="True" condition-coverage="100% (4/4)">
                  <conditions>
                    <condition number="22" type="jump" coverage="100%" />
                    <condition number="48" type="jump" coverage="100%" />
                  </conditions>
                </line>
                <line number="250" hits="1" branch="False" />
                <line number="251" hits="1" branch="False" />
                <line number="252" hits="1" branch="False" />
                <line number="253" hits="1" branch="False" />
                <line number="254" hits="14" branch="True" condition-coverage="100% (4/4)">
                  <conditions>
                    <condition number="96" type="jump" coverage="100%" />
                    <condition number="122" type="jump" coverage="100%" />
                  </conditions>
                </line>
                <line number="255" hits="1" branch="False" />
                <line number="256" hits="1" branch="False" />
                <line number="257" hits="1" branch="False" />
                <line number="258" hits="1" branch="False" />
                <line number="259" hits="14" branch="True" condition-coverage="50% (2/4)">
                  <conditions>
                    <condition number="170" type="jump" coverage="50%" />
                    <condition number="196" type="jump" coverage="50%" />
                  </conditions>
                </line>
                <line number="260" hits="0" branch="False" />
                <line number="261" hits="0" branch="False" />
                <line number="262" hits="0" branch="False" />
                <line number="263" hits="0" branch="False" />
                <line number="264" hits="14" branch="True" condition-coverage="50% (2/4)">
                  <conditions>
                    <condition number="244" type="jump" coverage="50%" />
                    <condition number="272" type="jump" coverage="50%" />
                  </conditions>
                </line>
                <line number="265" hits="0" branch="False" />
                <line number="266" hits="0" branch="False" />
                <line number="267" hits="0" branch="False" />
                <line number="268" hits="0" branch="False" />
                <line number="269" hits="14" branch="True" condition-coverage="50% (2/4)">
                  <conditions>
                    <condition number="320" type="jump" coverage="50%" />
                    <condition number="348" type="jump" coverage="50%" />
                  </conditions>
                </line>
                <line number="270" hits="0" branch="False" />
                <line number="271" hits="0" branch="False" />
                <line number="272" hits="0" branch="False" />
                <line number="273" hits="0" branch="False" />
                <line number="275" hits="14" branch="False" />
                <line number="276" hits="14" branch="False" />
              </lines>
            </method>
            <method name="CheckSessionAchievements" signature="(SyncMedia.Core.Models.SyncStatistics)" line-rate="0.5454" branch-rate="0.6666" complexity="12">
              <lines>
                <line number="279" hits="14" branch="False" />
                <line number="280" hits="14" branch="False" />
                <line number="282" hits="14" branch="True" condition-coverage="100% (4/4)">
                  <conditions>
                    <condition number="15" type="jump" coverage="100%" />
                    <condition number="84" type="jump" coverage="100%" />
                  </conditions>
                </line>
                <line number="283" hits="2" branch="False" />
                <line number="284" hits="2" branch="False" />
                <line number="285" hits="2" branch="False" />
                <line number="286" hits="2" branch="False" />
                <line number="287" hits="2" branch="False" />
                <line number="288" hits="14" branch="True" condition-coverage="50% (2/4)">
                  <conditions>
                    <condition number="173" type="jump" coverage="50%" />
                    <condition number="244" type="jump" coverage="50%" />
                  </conditions>
                </line>
                <line number="289" hits="0" branch="False" />
                <line number="290" hits="0" branch="False" />
                <line number="291" hits="0" branch="False" />
                <line number="292" hits="0" branch="False" />
                <line number="293" hits="0" branch="False" />
                <line number="294" hits="14" branch="True" condition-coverage="50% (2/4)">
                  <conditions>
                    <condition number="335" type="jump" coverage="50%" />
                    <condition number="406" type="jump" coverage="50%" />
                  </conditions>
                </line>
                <line number="295" hits="0" branch="False" />
                <line number="296" hits="0" branch="False" />
                <line number="297" hits="0" branch="False" />
                <line number="298" hits="0" branch="False" />
                <line number="299" hits="0" branch="False" />
                <line number="301" hits="14" branch="False" />
                <line number="302" hits="14" branch="False" />
              </lines>
            </method>
            <method name="CheckComboAchievements" signature="()" line-rate="1" branch-rate="1" complexity="18">
              <lines>
                <line number="305" hits="14" branch="False" />
                <line number="306" hits="14" branch="False" />
                <line number="308" hits="14" branch="True" condition-coverage="100% (6/6)">
                  <conditions>
                    <condition number="23" type="jump" coverage="100%" />
                    <condition number="45" type="jump" coverage="100%" />
                    <condition number="71" type="jump" coverage="100%" />
                  </conditions>
                </line>
                <line number="309" hits="3" branch="False" />
                <line number="310" hits="3" branch="False" />
                <line number="311" hits="3" branch="False" />
                <line number="312" hits="3" branch="False" />
                <line number="313" hits="14" branch="True" condition-coverage="100% (6/6)">
                  <conditions>
                    <condition number="120" type="jump" coverage="100%" />
                    <condition number="138" type="jump" coverage="100%" />
                    <condition number="164" type="jump" coverage="100%" />
                  </conditions>
                </line>
                <line number="314" hits="1" branch="False" />
                <line number="315" hits="1" branch="False" />
                <line number="316" hits="1" branch="False" />
                <line number="317" hits="1" branch="False" />
                <line number="318" hits="14" branch="True" condition-coverage="100% (6/6)">
                  <conditions>
                    <condition number="213" type="jump" coverage="100%" />
                    <condition number="231" type="jump" coverage="100%" />
                    <condition number="257" type="jump" coverage="100%" />
                  </conditions>
                </line>
                <line number="319" hits="2" branch="False" />
                <line number="320" hits="2" branch="False" />
                <line number="321" hits="2" branch="False" />
                <line number="322" hits="2" branch="False" />
                <line number="324" hits="14" branch="False" />
                <line number="325" hits="14" branch="False" />
              </lines>
            </method>
            <method name="CheckLegendaryAchievements" signature="()" line-rate="1" branch-rate="1" complexity="8">
              <lines>
                <line number="328" hits="14" branch="False" />
                <line number="329" hits="14" branch="False" />
                <line number="331" hits="14" branch="True" condition-coverage="100% (8/8)">
                  <conditions>
                    <condition number="23" type="jump" coverage="100%" />
                    <condition number="45" type="jump" coverage="100%" />
                    <condition number="63" type="jump" coverage="100%" />
                    <condition number="89" type="jump" coverage="100%" />
                  </conditions>
                </line>
                <line number="332" hits="14" branch="False" />
                <line number="333" hits="14" branch="False" />
                <line number="334" hits="14" branch="False" />
                <line number="335" hits="2" branch="False" />
                <line number="336" hits="2" branch="False" />
                <line number="337" hits="2" branch="False" />
                <line number="338" hits="2" branch="False" />
                <line number="339" hits="2" branch="False" />
                <line number="341" hits="14" branch="False" />
                <line number="342" hits="14" branch="False" />
              </lines>
            </method>
            <method name=".ctor" signature="(SyncMedia.Core.Models.GamificationData)" line-rate="1" branch-rate="1" complexity="2">
              <lines>
                <line number="15" hits="19" branch="False" />
                <line number="16" hits="19" branch="False" />
                <line number="17" hits="19" branch="True" condition-coverage="100% (2/2)">
                  <conditions>
                    <condition number="11" type="jump" coverage="100%" />
                  </conditions>
                </line>
                <line number="18" hits="18" branch="False" />
              </lines>
            </method>
          </methods>
          <lines>
            <line number="24" hits="5" branch="False" />
            <line number="25" hits="5" branch="False" />
            <line number="28" hits="5" branch="False" />
            <line number="29" hits="5" branch="False" />
            <line number="30" hits="5" branch="False" />
            <line number="33" hits="5" branch="True" condition-coverage="100% (2/2)">
              <conditions>
                <condition number="102" type="jump" coverage="100%" />
              </conditions>
            </line>
            <line number="34" hits="1" branch="False" />
            <line number="35" hits="4" branch="True" condition-coverage="50% (1/2)">
              <conditions>
                <condition number="145" type="jump" coverage="50%" />
              </conditions>
            </line>
            <line number="36" hits="0" branch="False" />
            <line number="37" hits="4" branch="True" condition-coverage="50% (1/2)">
              <conditions>
                <condition number="188" type="jump" coverage="50%" />
              </conditions>
            </line>
            <line number="38" hits="0" branch="False" />
            <line number="39" hits="4" branch="True" condition-coverage="100% (2/2)">
              <conditions>
                <condition number="228" type="jump" coverage="100%" />
              </conditions>
            </line>
            <line number="40" hits="1" branch="False" />
            <line number="43" hits="5" branch="False" />
            <line number="44" hits="5" branch="False" />
            <line number="50" hits="14" branch="False" />
            <line number="51" hits="14" branch="False" />
            <line number="54" hits="14" branch="False" />
            <line number="57" hits="14" branch="False" />
            <line number="60" hits="14" branch="False" />
            <line number="63" hits="14" branch="False" />
            <line number="66" hits="14" branch="False" />
            <line number="69" hits="14" branch="False" />
            <line number="72" hits="14" branch="False" />
            <line number="75" hits="14" branch="False" />
            <line number="78" hits="14" branch="False" />
            <line number="80" hits="14" branch="False" />
            <line number="81" hits="14" branch="False" />
            <line number="84" hits="14" branch="False" />
            <line number="85" hits="14" branch="False" />
            <line number="86" hits="14" branch="False" />
            <line number="87" hits="14" branch="False" />
            <line number="88" hits="14" branch="False" />
            <line number="89" hits="14" branch="False" />
            <line number="90" hits="14" branch="False" />
            <line number="91" hits="14" branch="False" />
            <line number="92" hits="14" branch="False" />
            <line number="93" hits="14" branch="False" />
            <line number="94" hits="14" branch="False" />
            <line number="95" hits="14" branch="False" />
            <line number="96" hits="14" branch="False" />
            <line number="97" hits="14" branch="False" />
            <line number="98" hits="14" branch="False" />
            <line number="99" hits="14" branch="False" />
            <line number="100" hits="14" branch="False" />
            <line number="101" hits="14" branch="False" />
            <line number="102" hits="14" branch="False" />
            <line number="103" hits="14" branch="False" />
            <line number="104" hits="14" branch="False" />
            <line number="105" hits="14" branch="False" />
            <line number="107" hits="518" branch="True" condition-coverage="100% (2/2)">
              <conditions>
                <condition number="687" type="jump" coverage="100%" />
              </conditions>
            </line>
            <line number="108" hits="238" branch="False" />
            <line number="109" hits="238" branch="True" condition-coverage="100% (4/4)">
              <conditions>
                <condition number="614" type="jump" coverage="100%" />
                <condition number="639" type="jump" coverage="100%" />
              </conditions>
            </line>
            <line number="110" hits="47" branch="False" />
            <line number="111" hits="47" branch="False" />
            <line number="112" hits="47" branch="False" />
            <line number="113" hits="47" branch="False" />
            <line number="114" hits="238" branch="False" />
            <line number="116" hits="14" branch="False" />
            <line number="117" hits="14" branch="False" />
            <line number="120" hits="14" branch="False" />
            <line number="121" hits="14" branch="False" />
            <line number="122" hits="14" branch="False" />
            <line number="123" hits="14" branch="False" />
            <line number="124" hits="14" branch="False" />
            <line number="125" hits="14" branch="False" />
            <line number="126" hits="14" branch="False" />
            <line number="127" hits="14" branch="False" />
            <line number="128" hits="14" branch="False" />
            <line number="129" hits="14" branch="False" />
            <line number="130" hits="14" branch="False" />
            <line number="131" hits="14" branch="False" />
            <line number="132" hits="14" branch="False" />
            <line number="133" hits="14" branch="False" />
            <line number="134" hits="14" branch="False" />
            <line number="135" hits="14" branch="False" />
            <line number="136" hits="14" branch="False" />
            <line number="137" hits="14" branch="False" />
            <line number="138" hits="14" branch="False" />
            <line number="140" hits="434" branch="True" condition-coverage="100% (2/2)">
              <conditions>
                <condition number="647" type="jump" coverage="100%" />
              </conditions>
            </line>
            <line number="141" hits="196" branch="False" />
            <line number="142" hits="196" branch="True" condition-coverage="100% (4/4)">
              <conditions>
                <condition number="574" type="jump" coverage="100%" />
                <condition number="599" type="jump" coverage="100%" />
              </conditions>
            </line>
            <line number="143" hits="33" branch="False" />
            <line number="144" hits="33" branch="False" />
            <line number="145" hits="33" branch="False" />
            <line number="146" hits="33" branch="False" />
            <line number="147" hits="196" branch="False" />
            <line number="149" hits="14" branch="False" />
            <line number="150" hits="14" branch="False" />
            <line number="153" hits="14" branch="False" />
            <line number="154" hits="14" branch="False" />
            <line number="155" hits="14" branch="False" />
            <line number="156" hits="14" branch="False" />
            <line number="157" hits="14" branch="False" />
            <line number="158" hits="14" branch="False" />
            <line number="159" hits="14" branch="False" />
            <line number="160" hits="14" branch="False" />
            <line number="161" hits="14" branch="False" />
            <line number="162" hits="14" branch="False" />
            <line number="163" hits="14" branch="False" />
            <line number="164" hits="14" branch="False" />
            <line number="165" hits="14" branch="False" />
            <line number="166" hits="14" branch="False" />
            <line number="167" hits="14" branch="False" />
            <line number="169" hits="322" branch="True" condition-coverage="100% (2/2)">
              <conditions>
                <condition number="456" type="jump" coverage="100%" />
              </conditions>
            </line>
            <line number="170" hits="140" branch="False" />
            <line number="171" hits="140" branch="True" condition-coverage="100% (4/4)">
              <conditions>
                <condition number="383" type="jump" coverage="100%" />
                <condition number="408" type="jump" coverage="100%" />
              </conditions>
            </line>
            <line number="172" hits="13" branch="False" />
            <line number="173" hits="13" branch="False" />
            <line number="174" hits="13" branch="False" />
            <line number="175" hits="13" branch="False" />
            <line number="176" hits="140" branch="False" />
            <line number="178" hits="14" branch="False" />
            <line number="179" hits="14" branch="False" />
            <line number="182" hits="14" branch="False" />
            <line number="183" hits="14" branch="False" />
            <line number="184" hits="14" branch="False" />
            <line number="185" hits="14" branch="False" />
            <line number="186" hits="14" branch="False" />
            <line number="187" hits="14" branch="False" />
            <line number="188" hits="14" branch="False" />
            <line number="189" hits="14" branch="False" />
            <line number="190" hits="14" branch="False" />
            <line number="191" hits="14" branch="False" />
            <line number="192" hits="14" branch="False" />
            <line number="193" hits="14" branch="False" />
            <line number="194" hits="14" branch="False" />
            <line number="195" hits="14" branch="False" />
            <line number="196" hits="14" branch="False" />
            <line number="197" hits="14" branch="False" />
            <line number="198" hits="14" branch="False" />
            <line number="200" hits="378" branch="True" condition-coverage="100% (2/2)">
              <conditions>
                <condition number="534" type="jump" coverage="100%" />
              </conditions>
            </line>
            <line number="201" hits="168" branch="False" />
            <line number="202" hits="168" branch="True" condition-coverage="100% (4/4)">
              <conditions>
                <condition number="461" type="jump" coverage="100%" />
                <condition number="486" type="jump" coverage="100%" />
              </conditions>
            </line>
            <line number="203" hits="24" branch="False" />
            <line number="204" hits="24" branch="False" />
            <line number="205" hits="24" branch="False" />
            <line number="206" hits="24" branch="False" />
            <line number="207" hits="168" branch="False" />
            <line number="209" hits="14" branch="False" />
            <line number="210" hits="14" branch="False" />
            <line number="213" hits="14" branch="False" />
            <line number="214" hits="14" branch="False" />
            <line number="216" hits="14" branch="True" condition-coverage="100% (6/6)">
              <conditions>
                <condition number="15" type="jump" coverage="100%" />
                <condition number="23" type="jump" coverage="100%" />
                <condition number="49" type="jump" coverage="100%" />
              </conditions>
            </line>
            <line number="217" hits="3" branch="False" />
            <line number="218" hits="3" branch="False" />
            <line number="219" hits="3" branch="False" />
            <line number="220" hits="3" branch="False" />
            <line number="221" hits="14" branch="True" condition-coverage="100% (6/6)">
              <conditions>
                <condition number="90" type="jump" coverage="100%" />
                <condition number="98" type="jump" coverage="100%" />
                <condition number="124" type="jump" coverage="100%" />
              </conditions>
            </line>
            <line number="222" hits="2" branch="False" />
            <line number="223" hits="2" branch="False" />
            <line number="224" hits="2" branch="False" />
            <line number="225" hits="2" branch="False" />
            <line number="226" hits="14" branch="True" condition-coverage="100% (6/6)">
              <conditions>
                <condition number="165" type="jump" coverage="100%" />
                <condition number="173" type="jump" coverage="100%" />
                <condition number="199" type="jump" coverage="100%" />
              </conditions>
            </line>
            <line number="227" hits="2" branch="False" />
            <line number="228" hits="2" branch="False" />
            <line number="229" hits="2" branch="False" />
            <line number="230" hits="2" branch="False" />
            <line number="231" hits="14" branch="True" condition-coverage="50% (3/6)">
              <conditions>
                <condition number="243" type="jump" coverage="50%" />
                <condition number="251" type="jump" coverage="50%" />
                <condition number="279" type="jump" coverage="50%" />
              </conditions>
            </line>
            <line number="232" hits="0" branch="False" />
            <line number="233" hits="0" branch="False" />
            <line number="234" hits="0" branch="False" />
            <line number="235" hits="0" branch="False" />
            <line number="236" hits="14" branch="True" condition-coverage="50% (3/6)">
              <conditions>
                <condition number="323" type="jump" coverage="50%" />
                <condition number="331" type="jump" coverage="50%" />
                <condition number="359" type="jump" coverage="50%" />
              </conditions>
            </line>
            <line number="237" hits="0" branch="False" />
            <line number="238" hits="0" branch="False" />
            <line number="239" hits="0" branch="False" />
            <line number="240" hits="0" branch="False" />
            <line number="242" hits="14" branch="False" />
            <line number="243" hits="14" branch="False" />
            <line number="246" hits="14" branch="False" />
            <line number="247" hits="14" branch="False" />
            <line number="249" hits="14" branch="True" condition-coverage="100% (4/4)">
              <conditions>
                <condition number="22" type="jump" coverage="100%" />
                <condition number="48" type="jump" coverage="100%" />
              </conditions>
            </line>
            <line number="250" hits="1" branch="False" />
            <line number="251" hits="1" branch="False" />
            <line number="252" hits="1" branch="False" />
            <line number="253" hits="1" branch="False" />
            <line number="254" hits="14" branch="True" condition-coverage="100% (4/4)">
              <conditions>
                <condition number="96" type="jump" coverage="100%" />
                <condition number="122" type="jump" coverage="100%" />
              </conditions>
            </line>
            <line number="255" hits="1" branch="False" />
            <line number="256" hits="1" branch="False" />
            <line number="257" hits="1" branch="False" />
            <line number="258" hits="1" branch="False" />
            <line number="259" hits="14" branch="True" condition-coverage="50% (2/4)">
              <conditions>
                <condition number="170" type="jump" coverage="50%" />
                <condition number="196" type="jump" coverage="50%" />
              </conditions>
            </line>
            <line number="260" hits="0" branch="False" />
            <line number="261" hits="0" branch="False" />
            <line number="262" hits="0" branch="False" />
            <line number="263" hits="0" branch="False" />
            <line number="264" hits="14" branch="True" condition-coverage="50% (2/4)">
              <conditions>
                <condition number="244" type="jump" coverage="50%" />
                <condition number="272" type="jump" coverage="50%" />
              </conditions>
            </line>
            <line number="265" hits="0" branch="False" />
            <line number="266" hits="0" branch="False" />
            <line number="267" hits="0" branch="False" />
            <line number="268" hits="0" branch="False" />
            <line number="269" hits="14" branch="True" condition-coverage="50% (2/4)">
              <conditions>
                <condition number="320" type="jump" coverage="50%" />
                <condition number="348" type="jump" coverage="50%" />
              </conditions>
            </line>
            <line number="270" hits="0" branch="False" />
            <line number="271" hits="0" branch="False" />
            <line number="272" hits="0" branch="False" />
            <line number="273" hits="0" branch="False" />
            <line number="275" hits="14" branch="False" />
            <line number="276" hits="14" branch="False" />
            <line number="279" hits="14" branch="False" />
            <line number="280" hits="14" branch="False" />
            <line number="282" hits="14" branch="True" condition-coverage="100% (4/4)">
              <conditions>
                <condition number="15" type="jump" coverage="100%" />
                <condition number="84" type="jump" coverage="100%" />
              </conditions>
            </line>
            <line number="283" hits="2" branch="False" />
            <line number="284" hits="2" branch="False" />
            <line number="285" hits="2" branch="False" />
            <line number="286" hits="2" branch="False" />
            <line number="287" hits="2" branch="False" />
            <line number="288" hits="14" branch="True" condition-coverage="50% (2/4)">
              <conditions>
                <condition number="173" type="jump" coverage="50%" />
                <condition number="244" type="jump" coverage="50%" />
              </conditions>
            </line>
            <line number="289" hits="0" branch="False" />
            <line number="290" hits="0" branch="False" />
            <line number="291" hits="0" branch="False" />
            <line number="292" hits="0" branch="False" />
            <line number="293" hits="0" branch="False" />
            <line number="294" hits="14" branch="True" condition-coverage="50% (2/4)">
              <conditions>
                <condition number="335" type="jump" coverage="50%" />
                <condition number="406" type="jump" coverage="50%" />
              </conditions>
            </line>
            <line number="295" hits="0" branch="False" />
            <line number="296" hits="0" branch="False" />
            <line number="297" hits="0" branch="False" />
            <line number="298" hits="0" branch="False" />
[...]
              <lines>
                <line number="184" hits="0" branch="False" />
              </lines>
            </method>
            <method name="get_Is64BitOperatingSystem" signature="()" line-rate="0" branch-rate="1" complexity="1">
              <lines>
                <line number="185" hits="0" branch="False" />
              </lines>
            </method>
            <method name="get_Is64BitProcess" signature="()" line-rate="0" branch-rate="1" complexity="1">
              <lines>
                <line number="186" hits="0" branch="False" />
              </lines>
            </method>
            <method name="get_SystemPageSize" signature="()" line-rate="0" branch-rate="1" complexity="1">
              <lines>
                <line number="187" hits="0" branch="False" />
              </lines>
            </method>
            <method name="get_WorkingSet" signature="()" line-rate="0" branch-rate="1" complexity="1">
              <lines>
                <line number="188" hits="0" branch="False" />
              </lines>
            </method>
            <method name="get_RecommendedParallelThreshold" signature="()" line-rate="0" branch-rate="1" complexity="1">
              <lines>
                <line number="189" hits="0" branch="False" />
              </lines>
            </method>
            <method name="ToString" signature="()" line-rate="0" branch-rate="1" complexity="1">
              <lines>
                <line number="192" hits="0" branch="False" />
                <line number="193" hits="0" branch="False" />
                <line number="194" hits="0" branch="False" />
                <line number="195" hits="0" branch="False" />
              </lines>
            </method>
          </methods>
          <lines>
            <line number="184" hits="0" branch="False" />
            <line number="185" hits="0" branch="False" />
            <line number="186" hits="0" branch="False" />
            <line number="187" hits="0" branch="False" />
            <line number="188" hits="0" branch="False" />
            <line number="189" hits="0" branch="False" />
            <line number="192" hits="0" branch="False" />
            <line number="193" hits="0" branch="False" />
            <line number="194" hits="0" branch="False" />
            <line number="195" hits="0" branch="False" />
          </lines>
        </class>
        <class name="SyncMedia.Core.Helpers.PerformanceOptimizer" filename="Helpers/PerformanceOptimizer.cs" line-rate="0" branch-rate="0" complexity="14">
          <methods>
            <method name="ComputeHashOptimized" signature="(System.String)" line-rate="0" branch-rate="1" complexity="1">
              <lines>
                <line number="33" hits="0" branch="False" />
                <line number="34" hits="0" branch="False" />
                <line number="35" hits="0" branch="False" />
                <line number="36" hits="0" branch="False" />
                <line number="37" hits="0" branch="False" />
                <line number="38" hits="0" branch="False" />
                <line number="40" hits="0" branch="False" />
              </lines>
            </method>
            <method name="GetFileMetadataWithCache" signature="(System.String)" line-rate="0" branch-rate="0" complexity="6">
              <lines>
                <line number="46" hits="0" branch="False" />
                <line number="47" hits="0" branch="True" condition-coverage="0% (0/2)">
                  <conditions>
                    <condition number="16" type="jump" coverage="0%" />
                  </conditions>
                </line>
                <line number="48" hits="0" branch="False" />
                <line number="49" hits="0" branch="False" />
                <line number="52" hits="0" branch="False" />
                <line number="53" hits="0" branch="False" />
                <line number="54" hits="0" branch="False" />
                <line number="55" hits="0" branch="False" />
                <line number="56" hits="0" branch="False" />
                <line number="57" hits="0" branch="False" />
                <line number="58" hits="0" branch="False" />
                <line number="59" hits="0" branch="False" />
                <line number="60" hits="0" branch="False" />
                <line number="63" hits="0" branch="False" />
                <line number="64" hits="0" branch="False" />
                <line number="65" hits="0" branch="True" condition-coverage="0% (0/2)">
                  <conditions>
                    <condition number="150" type="jump" coverage="0%" />
                  </conditions>
                </line>
                <line number="66" hits="0" branch="False" />
                <line number="68" hits="0" branch="True" condition-coverage="0% (0/2)">
                  <conditions>
                    <condition number="170" type="jump" coverage="0%" />
                  </conditions>
                </line>
                <line number="69" hits="0" branch="False" />
                <line number="70" hits="0" branch="False" />
                <line number="71" hits="0" branch="False" />
                <line number="72" hits="0" branch="False" />
                <line number="73" hits="0" branch="False" />
                <line number="75" hits="0" branch="False" />
                <line number="76" hits="0" branch="False" />
                <line number="77" hits="0" branch="False" />
                <line number="79" hits="0" branch="False" />
                <line number="80" hits="0" branch="False" />
              </lines>
            </method>
            <method name="ProcessFilesParallel" signature="(System.Collections.Generic.IEnumerable`1&lt;T&gt;,System.Action`1&lt;T&gt;,System.Int32)" line-rate="0" branch-rate="0" complexity="2">
              <lines>
                <line number="89" hits="0" branch="False" />
                <line number="90" hits="0" branch="True" condition-coverage="0% (0/2)">
                  <conditions>
                    <condition number="7" type="jump" coverage="0%" />
                  </conditions>
                </line>
                <line number="91" hits="0" branch="False" />
                <line number="92" hits="0" branch="False" />
                <line number="93" hits="0" branch="False" />
                <line number="95" hits="0" branch="False" />
                <line number="96" hits="0" branch="False" />
                <line number="97" hits="0" branch="False" />
                <line number="98" hits="0" branch="False" />
                <line number="100" hits="0" branch="False" />
                <line number="101" hits="0" branch="False" />
              </lines>
            </method>
            <method name="QuickDuplicateCheck" signature="(System.String,System.String)" line-rate="0" branch-rate="0" complexity="2">
              <lines>
                <line number="107" hits="0" branch="False" />
                <line number="108" hits="0" branch="False" />
                <line number="109" hits="0" branch="False" />
                <line number="112" hits="0" branch="True" condition-coverage="0% (0/2)">
                  <conditions>
                    <condition number="34" type="jump" coverage="0%" />
                  </conditions>
                </line>
                <line number="113" hits="0" branch="False" />
                <line number="114" hits="0" branch="False" />
                <line number="118" hits="0" branch="False" />
                <line number="119" hits="0" branch="False" />
              </lines>
            </method>
            <method name="ClearCache" signature="()" line-rate="0" branch-rate="1" complexity="1">
              <lines>
                <line number="125" hits="0" branch="False" />
                <line number="126" hits="0" branch="False" />
                <line number="127" hits="0" branch="False" />
                <line number="128" hits="0" branch="False" />
                <line number="129" hits="0" branch="False" />
                <line number="130" hits="0" branch="False" />
                <line number="131" hits="0" branch="False" />
              </lines>
            </method>
            <method name="Cleanup" signature="()" line-rate="0" branch-rate="1" complexity="1">
              <lines>
                <line number="137" hits="0" branch="False" />
                <line number="138" hits="0" branch="False" />
                <line number="139" hits="0" branch="False" />
                <line number="140" hits="0" branch="False" />
              </lines>
            </method>
            <method name=".cctor" signature="()" line-rate="0" branch-rate="1" complexity="1">
              <lines>
                <line number="23" hits="0" branch="False" />
                <line number="24" hits="0" branch="False" />
                <line number="25" hits="0" branch="False" />
                <line number="26" hits="0" branch="False" />
                <line number="27" hits="0" branch="False" />
              </lines>
            </method>
          </methods>
          <lines>
            <line number="33" hits="0" branch="False" />
            <line number="34" hits="0" branch="False" />
            <line number="35" hits="0" branch="False" />
            <line number="36" hits="0" branch="False" />
            <line number="37" hits="0" branch="False" />
            <line number="38" hits="0" branch="False" />
            <line number="40" hits="0" branch="False" />
            <line number="46" hits="0" branch="False" />
            <line number="47" hits="0" branch="True" condition-coverage="0% (0/2)">
              <conditions>
                <condition number="16" type="jump" coverage="0%" />
              </conditions>
            </line>
            <line number="48" hits="0" branch="False" />
            <line number="49" hits="0" branch="False" />
            <line number="52" hits="0" branch="False" />
            <line number="53" hits="0" branch="False" />
            <line number="54" hits="0" branch="False" />
            <line number="55" hits="0" branch="False" />
            <line number="56" hits="0" branch="False" />
            <line number="57" hits="0" branch="False" />
            <line number="58" hits="0" branch="False" />
            <line number="59" hits="0" branch="False" />
            <line number="60" hits="0" branch="False" />
            <line number="63" hits="0" branch="False" />
            <line number="64" hits="0" branch="False" />
            <line number="65" hits="0" branch="True" condition-coverage="0% (0/2)">
              <conditions>
                <condition number="150" type="jump" coverage="0%" />
              </conditions>
            </line>
            <line number="66" hits="0" branch="False" />
            <line number="68" hits="0" branch="True" condition-coverage="0% (0/2)">
              <conditions>
                <condition number="170" type="jump" coverage="0%" />
              </conditions>
            </line>
            <line number="69" hits="0" branch="False" />
            <line number="70" hits="0" branch="False" />
            <line number="71" hits="0" branch="False" />
            <line number="72" hits="0" branch="False" />
            <line number="73" hits="0" branch="False" />
            <line number="75" hits="0" branch="False" />
            <line number="76" hits="0" branch="False" />
            <line number="77" hits="0" branch="False" />
            <line number="79" hits="0" branch="False" />
            <line number="80" hits="0" branch="False" />
            <line number="89" hits="0" branch="False" />
            <line number="90" hits="0" branch="True" condition-coverage="0% (0/2)">
              <conditions>
                <condition number="7" type="jump" coverage="0%" />
              </conditions>
            </line>
            <line number="91" hits="0" branch="False" />
            <line number="92" hits="0" branch="False" />
            <line number="93" hits="0" branch="False" />
            <line number="95" hits="0" branch="False" />
            <line number="96" hits="0" branch="False" />
            <line number="97" hits="0" branch="False" />
            <line number="98" hits="0" branch="False" />
            <line number="100" hits="0" branch="False" />
            <line number="101" hits="0" branch="False" />
            <line number="107" hits="0" branch="False" />
            <line number="108" hits="0" branch="False" />
            <line number="109" hits="0" branch="False" />
            <line number="112" hits="0" branch="True" condition-coverage="0% (0/2)">
              <conditions>
                <condition number="34" type="jump" coverage="0%" />
              </conditions>
            </line>
            <line number="113" hits="0" branch="False" />
            <line number="114" hits="0" branch="False" />
            <line number="118" hits="0" branch="False" />
            <line number="119" hits="0" branch="False" />
            <line number="125" hits="0" branch="False" />
            <line number="126" hits="0" branch="False" />
            <line number="127" hits="0" branch="False" />
            <line number="128" hits="0" branch="False" />
            <line number="129" hits="0" branch="False" />
            <line number="130" hits="0" branch="False" />
            <line number="131" hits="0" branch="False" />
            <line number="137" hits="0" branch="False" />
            <line number="138" hits="0" branch="False" />
            <line number="139" hits="0" branch="False" />
            <line number="140" hits="0" branch="False" />
            <line number="23" hits="0" branch="False" />
            <line number="24" hits="0" branch="False" />
            <line number="25" hits="0" branch="False" />
            <line number="26" hits="0" branch="False" />
            <line number="27" hits="0" branch="False" />
          </lines>
        </class>
        <class name="SyncMedia.Core.Helpers.FileMetadata" filename="Helpers/PerformanceOptimizer.cs" line-rate="0" branch-rate="1" complexity="5">
          <methods>
            <method name="get_FullPath" signature="()" line-rate="0" branch-rate="1" complexity="1">
              <lines>
                <line number="148" hits="0" branch="False" />
              </lines>
            </method>
            <method name="get_Name" signature="()" line-rate="0" branch-rate="1" complexity="1">
              <lines>
                <line number="149" hits="0" branch="False" />
              </lines>
            </method>
            <method name="get_Extension" signature="()" line-rate="0" branch-rate="1" complexity="1">
              <lines>
                <line number="150" hits="0" branch="False" />
              </lines>
            </method>
            <method name="get_Length" signature="()" line-rate="0" branch-rate="1" complexity="1">
              <lines>
                <line number="151" hits="0" branch="False" />
              </lines>
            </method>
            <method name="get_LastWriteTime" signature="()" line-rate="0" branch-rate="1" complexity="1">
              <lines>
                <line number="152" hits="0" branch="False" />
              </lines>
            </method>
          </methods>
          <lines>
            <line number="148" hits="0" branch="False" />
            <line number="149" hits="0" branch="False" />
            <line number="150" hits="0" branch="False" />
            <line number="151" hits="0" branch="False" />
            <line number="152" hits="0" branch="False" />
          </lines>
        </class>
        <class name="SyncMedia.Core.Constants.MediaConstants" filename="Constants/MediaConstants.cs" line-rate="1" branch-rate="1" complexity="1">
          <methods>
            <method name=".cctor" signature="()" line-rate="1" branch-rate="1" complexity="1">
              <lines>
                <line number="13" hits="1" branch="False" />
                <line number="14" hits="1" branch="False" />
                <line number="15" hits="1" branch="False" />
                <line number="16" hits="1" branch="False" />
                <line number="17" hits="1" branch="False" />
                <line number="18" hits="1" branch="False" />
                <line number="19" hits="1" branch="False" />
                <line number="20" hits="1" branch="False" />
                <line number="21" hits="1" branch="False" />
                <line number="22" hits="1" branch="False" />
                <line number="24" hits="1" branch="False" />
                <line number="25" hits="1" branch="False" />
                <line number="26" hits="1" branch="False" />
                <line number="27" hits="1" branch="False" />
                <line number="28" hits="1" branch="False" />
                <line number="29" hits="1" branch="False" />
                <line number="30" hits="1" branch="False" />
                <line number="31" hits="1" branch="False" />
                <line number="32" hits="1" branch="False" />
                <line number="33" hits="1" branch="False" />
                <line number="34" hits="1" branch="False" />
                <line number="35" hits="1" branch="False" />
                <line number="36" hits="1" branch="False" />
                <line number="38" hits="1" branch="False" />
                <line number="39" hits="1" branch="False" />
                <line number="40" hits="1" branch="False" />
                <line number="41" hits="1" branch="False" />
                <line number="42" hits="1" branch="False" />
                <line number="43" hits="1" branch="False" />
                <line number="44" hits="1" branch="False" />
                <line number="45" hits="1" branch="False" />
                <line number="46" hits="1" branch="False" />
              </lines>
            </method>
          </methods>
          <lines>
            <line number="13" hits="1" branch="False" />
            <line number="14" hits="1" branch="False" />
            <line number="15" hits="1" branch="False" />
            <line number="16" hits="1" branch="False" />
            <line number="17" hits="1" branch="False" />
            <line number="18" hits="1" branch="False" />
            <line number="19" hits="1" branch="False" />
            <line number="20" hits="1" branch="False" />
            <line number="21" hits="1" branch="False" />
            <line number="22" hits="1" branch="False" />
            <line number="24" hits="1" branch="False" />
            <line number="25" hits="1" branch="False" />
            <line number="26" hits="1" branch="False" />
            <line number="27" hits="1" branch="False" />
            <line number="28" hits="1" branch="False" />
            <line number="29" hits="1" branch="False" />
            <line number="30" hits="1" branch="False" />
            <line number="31" hits="1" branch="False" />
            <line number="32" hits="1" branch="False" />
            <line number="33" hits="1" branch="False" />
            <line number="34" hits="1" branch="False" />
            <line number="35" hits="1" branch="False" />
            <line number="36" hits="1" branch="False" />
            <line number="38" hits="1" branch="False" />
            <line number="39" hits="1" branch="False" />
            <line number="40" hits="1" branch="False" />
            <line number="41" hits="1" branch="False" />
            <line number="42" hits="1" branch="False" />
            <line number="43" hits="1" branch="False" />
            <line number="44" hits="1" branch="False" />
            <line number="45" hits="1" branch="False" />
            <line number="46" hits="1" branch="False" />
          </lines>
        </class>
      </classes>
    </package>
  </packages>
</coverage>